<?xml version="1.0" encoding="UTF-8"?>
<!-- Generated by org.testng.reporters.JUnitXMLReporter -->
<testsuite ignored="0" hostname="LAPTOP-DVBK1UDH" failures="0" tests="4" name="Test" time="4.414" errors="0" timestamp="2022-11-04T13:07:04 IST">
  <testcase classname="testCases.FirstTestNGScript" name="amethod" time="0.008"/>
  <testcase classname="testCases.FirstTestNGScript" name="bmethod" time="0.002"/>
  <testcase classname="testCases.SecondTestNGScript" name="amethod" time="0.001"/>
  <testcase classname="testCases.PracticeTestngExercise" name="enterCreds" time="0.439"/>
</testsuite> <!-- Test -->
